<?xml version="1.0" encoding="UTF-8" ?>
<testsuites name="vitest tests" tests="4" failures="0" errors="0" time="1.582">
    <testsuite name="src/components/__tests__/mpregister.test.ts" timestamp="2024-11-07T09:39:48.502Z" hostname="DESKTOP-EHINTCI" tests="4" failures="0" errors="0" skipped="0" time="0.096">
        <testcase classname="src/components/__tests__/mpregister.test.ts" name="RegistrationForm.vue &gt; should not allow submission if form is incomplete" time="0.053">
        </testcase>
        <testcase classname="src/components/__tests__/mpregister.test.ts" name="RegistrationForm.vue &gt; should display error when passwords do not match" time="0.017">
        </testcase>
        <testcase classname="src/components/__tests__/mpregister.test.ts" name="RegistrationForm.vue &gt; should display error if BSN, BIG, or phone number exceeds length limits" time="0.013">
        </testcase>
        <testcase classname="src/components/__tests__/mpregister.test.ts" name="RegistrationForm.vue &gt; should load all form elements correctly" time="0.011">
        </testcase>
    </testsuite>
</testsuites>
